c:\users\chris\documents\visual studio 2019\visual studio projects\fish engine\fishengine\fishengine\x64\debug\vc142.pdb
c:\users\chris\documents\visual studio 2019\visual studio projects\fish engine\fishengine\fishengine\x64\debug\vc142.idb
c:\users\chris\documents\visual studio 2019\visual studio projects\fish engine\fishengine\fishengine\x64\debug\vertexshader.obj
c:\users\chris\documents\visual studio 2019\visual studio projects\fish engine\fishengine\fishengine\x64\debug\pixelshader.obj
c:\users\chris\documents\visual studio 2019\visual studio projects\fish engine\fishengine\fishengine\x64\debug\baseshader.obj
c:\users\chris\documents\visual studio 2019\visual studio projects\fish engine\fishengine\fishengine\x64\debug\objparser.obj
c:\users\chris\documents\visual studio 2019\visual studio projects\fish engine\fishengine\fishengine\x64\debug\engine.obj
c:\users\chris\documents\visual studio 2019\visual studio projects\fish engine\fishengine\fishengine\x64\debug\dxhandler.obj
c:\users\chris\documents\visual studio 2019\visual studio projects\fish engine\fishengine\fishengine\x64\debug\renderwindow.obj
c:\users\chris\documents\visual studio 2019\visual studio projects\fish engine\fishengine\fishengine\x64\debug\mesh.obj
c:\users\chris\documents\visual studio 2019\visual studio projects\fish engine\fishengine\fishengine\x64\debug\inputhandler.obj
c:\users\chris\documents\visual studio 2019\visual studio projects\fish engine\fishengine\fishengine\x64\debug\gbufferhandler.obj
c:\users\chris\documents\visual studio 2019\visual studio projects\fish engine\fishengine\fishengine\x64\debug\fishmain.obj
c:\users\chris\documents\visual studio 2019\visual studio projects\fish engine\fishengine\fishengine\x64\debug\deferredrenderbuffer.obj
c:\users\chris\documents\visual studio 2019\visual studio projects\fish engine\fishengine\fishengine\x64\debug\camera.obj
c:\users\chris\documents\visual studio 2019\visual studio projects\fish engine\fishengine\x64\debug\xapobaseredist.pdb
c:\users\chris\documents\visual studio 2019\visual studio projects\fish engine\fishengine\x64\debug\xaudio2_9redist.pdb
c:\users\chris\documents\visual studio 2019\visual studio projects\fish engine\fishengine\x64\debug\xaudio2_9redist.dll
c:\users\chris\documents\visual studio 2019\visual studio projects\fish engine\fishengine\x64\debug\firstpasspixel.cso
c:\users\chris\documents\visual studio 2019\visual studio projects\fish engine\fishengine\x64\debug\secondpassvertex.cso
c:\users\chris\documents\visual studio 2019\visual studio projects\fish engine\fishengine\x64\debug\firstpassvertex.cso
c:\users\chris\documents\visual studio 2019\visual studio projects\fish engine\fishengine\x64\debug\secondpasspixel.cso
c:\users\chris\documents\visual studio 2019\visual studio projects\fish engine\fishengine\fishengine\x64\debug\fishengine.res
c:\users\chris\documents\visual studio 2019\visual studio projects\fish engine\fishengine\x64\debug\fishengine.pdb
c:\users\chris\documents\visual studio 2019\visual studio projects\fish engine\fishengine\fishengine\x64\debug\fishengine.tlog\cl.command.1.tlog
c:\users\chris\documents\visual studio 2019\visual studio projects\fish engine\fishengine\fishengine\x64\debug\fishengine.tlog\cl.read.1.tlog
c:\users\chris\documents\visual studio 2019\visual studio projects\fish engine\fishengine\fishengine\x64\debug\fishengine.tlog\cl.write.1.tlog
c:\users\chris\documents\visual studio 2019\visual studio projects\fish engine\fishengine\fishengine\x64\debug\fishengine.tlog\fishengine.write.1u.tlog
c:\users\chris\documents\visual studio 2019\visual studio projects\fish engine\fishengine\fishengine\x64\debug\fishengine.tlog\fxc.command.1.tlog
c:\users\chris\documents\visual studio 2019\visual studio projects\fish engine\fishengine\fishengine\x64\debug\fishengine.tlog\fxc.read.1.tlog
c:\users\chris\documents\visual studio 2019\visual studio projects\fish engine\fishengine\fishengine\x64\debug\fishengine.tlog\fxc.write.1.tlog
c:\users\chris\documents\visual studio 2019\visual studio projects\fish engine\fishengine\fishengine\x64\debug\fishengine.tlog\link-cvtres.read.1.tlog
c:\users\chris\documents\visual studio 2019\visual studio projects\fish engine\fishengine\fishengine\x64\debug\fishengine.tlog\link-cvtres.write.1.tlog
c:\users\chris\documents\visual studio 2019\visual studio projects\fish engine\fishengine\fishengine\x64\debug\fishengine.tlog\link-rc.read.1.tlog
c:\users\chris\documents\visual studio 2019\visual studio projects\fish engine\fishengine\fishengine\x64\debug\fishengine.tlog\link-rc.write.1.tlog
c:\users\chris\documents\visual studio 2019\visual studio projects\fish engine\fishengine\fishengine\x64\debug\fishengine.tlog\link.25432-cvtres.read.1.tlog
c:\users\chris\documents\visual studio 2019\visual studio projects\fish engine\fishengine\fishengine\x64\debug\fishengine.tlog\link.25432-cvtres.write.1.tlog
c:\users\chris\documents\visual studio 2019\visual studio projects\fish engine\fishengine\fishengine\x64\debug\fishengine.tlog\link.25432-rc.read.1.tlog
c:\users\chris\documents\visual studio 2019\visual studio projects\fish engine\fishengine\fishengine\x64\debug\fishengine.tlog\link.25432-rc.write.1.tlog
c:\users\chris\documents\visual studio 2019\visual studio projects\fish engine\fishengine\fishengine\x64\debug\fishengine.tlog\link.25432.read.1.tlog
c:\users\chris\documents\visual studio 2019\visual studio projects\fish engine\fishengine\fishengine\x64\debug\fishengine.tlog\link.25432.write.1.tlog
c:\users\chris\documents\visual studio 2019\visual studio projects\fish engine\fishengine\fishengine\x64\debug\fishengine.tlog\link.command.1.tlog
c:\users\chris\documents\visual studio 2019\visual studio projects\fish engine\fishengine\fishengine\x64\debug\fishengine.tlog\link.read.1.tlog
c:\users\chris\documents\visual studio 2019\visual studio projects\fish engine\fishengine\fishengine\x64\debug\fishengine.tlog\link.write.1.tlog
c:\users\chris\documents\visual studio 2019\visual studio projects\fish engine\fishengine\fishengine\x64\debug\fishengine.tlog\rc.command.1.tlog
c:\users\chris\documents\visual studio 2019\visual studio projects\fish engine\fishengine\fishengine\x64\debug\fishengine.tlog\rc.read.1.tlog
c:\users\chris\documents\visual studio 2019\visual studio projects\fish engine\fishengine\fishengine\x64\debug\fishengine.tlog\rc.write.1.tlog
