c:\github\fishengine\fishengine\debug\vc142.pdb
c:\github\fishengine\fishengine\debug\vc142.idb
c:\github\fishengine\fishengine\debug\vertexshader.obj
c:\github\fishengine\fishengine\debug\tool.obj
c:\github\fishengine\fishengine\debug\skybox.obj
c:\github\fishengine\fishengine\debug\renderwindow.obj
c:\github\fishengine\fishengine\debug\player.obj
c:\github\fishengine\fishengine\debug\pixelshader.obj
c:\github\fishengine\fishengine\debug\objparser.obj
c:\github\fishengine\fishengine\debug\mesh.obj
c:\github\fishengine\fishengine\debug\light.obj
c:\github\fishengine\fishengine\debug\inputhandler.obj
c:\github\fishengine\fishengine\debug\geometryshader.obj
c:\github\fishengine\fishengine\debug\gbufferhandler.obj
c:\github\fishengine\fishengine\debug\fishmain.obj
c:\github\fishengine\fishengine\debug\engine.obj
c:\github\fishengine\fishengine\debug\enemy.obj
c:\github\fishengine\fishengine\debug\dxhandler.obj
c:\github\fishengine\fishengine\debug\deferredrenderbuffer.obj
c:\github\fishengine\fishengine\debug\camera.obj
c:\github\fishengine\fishengine\debug\baseshader.obj
c:\github\fishengine\debug\xapobaseredist.pdb
c:\github\fishengine\debug\xaudio2_9redist.pdb
c:\github\fishengine\debug\xaudio2_9redist.dll
c:\github\fishengine\fishengine\debug\vcpkg.applocal.log
c:\github\fishengine\debug\firstpasspixel.cso
c:\github\fishengine\debug\firstpassvertex.cso
c:\github\fishengine\debug\forwardtransparencyvertex.cso
c:\github\fishengine\debug\backfacecullergeometry.cso
c:\github\fishengine\debug\lightvolumeshader.cso
c:\github\fishengine\debug\forwardtransparencypixel.cso
c:\github\fishengine\debug\secondpasspixel.cso
c:\github\fishengine\debug\secondpassvertex.cso
c:\users\ghazi\appdata\local\temp\lnk{b8388868-6609-45a1-9e0d-1613eaca7bd3}.tmp
c:\users\ghazi\appdata\local\temp\lnk{376bca97-4db2-46dc-be92-f1269fa21266}.tmp
c:\github\fishengine\fishengine\debug\fishengine.res
c:\github\fishengine\debug\fishengine.pdb
c:\github\fishengine\debug\fishengine.exe
c:\github\fishengine\debug\fishengine.ilk
c:\github\fishengine\fishengine\debug\fishengine.tlog\cl.command.1.tlog
c:\github\fishengine\fishengine\debug\fishengine.tlog\cl.read.1.tlog
c:\github\fishengine\fishengine\debug\fishengine.tlog\cl.write.1.tlog
c:\github\fishengine\fishengine\debug\fishengine.tlog\fishengine.read.1u.tlog
c:\github\fishengine\fishengine\debug\fishengine.tlog\fishengine.write.1u.tlog
c:\github\fishengine\fishengine\debug\fishengine.tlog\fxc.command.1.tlog
c:\github\fishengine\fishengine\debug\fishengine.tlog\fxc.read.1.tlog
c:\github\fishengine\fishengine\debug\fishengine.tlog\fxc.write.1.tlog
c:\github\fishengine\fishengine\debug\fishengine.tlog\link-cvtres.read.1.tlog
c:\github\fishengine\fishengine\debug\fishengine.tlog\link-cvtres.write.1.tlog
c:\github\fishengine\fishengine\debug\fishengine.tlog\link-rc.read.1.tlog
c:\github\fishengine\fishengine\debug\fishengine.tlog\link-rc.write.1.tlog
c:\github\fishengine\fishengine\debug\fishengine.tlog\link.9152-cvtres.read.1.tlog
c:\github\fishengine\fishengine\debug\fishengine.tlog\link.9152-cvtres.write.1.tlog
c:\github\fishengine\fishengine\debug\fishengine.tlog\link.9152-rc.read.1.tlog
c:\github\fishengine\fishengine\debug\fishengine.tlog\link.9152-rc.write.1.tlog
c:\github\fishengine\fishengine\debug\fishengine.tlog\link.9152.read.1.tlog
c:\github\fishengine\fishengine\debug\fishengine.tlog\link.9152.write.1.tlog
c:\github\fishengine\fishengine\debug\fishengine.tlog\link.command.1.tlog
c:\github\fishengine\fishengine\debug\fishengine.tlog\link.read.1.tlog
c:\github\fishengine\fishengine\debug\fishengine.tlog\link.write.1.tlog
c:\github\fishengine\fishengine\debug\fishengine.tlog\rc.command.1.tlog
c:\github\fishengine\fishengine\debug\fishengine.tlog\rc.read.1.tlog
c:\github\fishengine\fishengine\debug\fishengine.tlog\rc.write.1.tlog
