  Engine.cpp
C:\Users\Filip\Documents\GitHub\FishEngine\FishEngine\Engine.cpp(81,61): warning C4316: 'Particle': object allocated on the heap may not be aligned 16
C:\Users\Filip\Documents\GitHub\FishEngine\FishEngine\Engine.cpp(140,20): warning C4018: '<': signed/unsigned mismatch
C:\Users\Filip\Documents\GitHub\FishEngine\FishEngine\Engine.cpp(149,15): warning C4244: 'initializing': conversion from 'double' to 'float', possible loss of data
C:\Users\Filip\Documents\GitHub\FishEngine\FishEngine\Engine.cpp(150,16): warning C4244: 'initializing': conversion from 'double' to 'float', possible loss of data
C:\Users\Filip\Documents\GitHub\FishEngine\FishEngine\Engine.cpp(151,65): warning C4244: 'argument': conversion from 'double' to 'float', possible loss of data
C:\Users\Filip\Documents\GitHub\FishEngine\FishEngine\Engine.cpp(151,55): warning C4244: 'argument': conversion from 'double' to 'float', possible loss of data
C:\Users\Filip\Documents\GitHub\FishEngine\FishEngine\Engine.cpp(161,47): warning C4244: 'argument': conversion from 'double' to 'const btScalar', possible loss of data
C:\Users\Filip\Documents\GitHub\FishEngine\FishEngine\Engine.cpp(166,46): warning C4244: 'argument': conversion from 'double' to 'const btScalar', possible loss of data
C:\Users\Filip\Documents\GitHub\FishEngine\FishEngine\Engine.cpp(200,75): warning C4244: 'argument': conversion from 'double' to 'float', possible loss of data
C:\Users\Filip\Documents\GitHub\FishEngine\FishEngine\Engine.cpp(240,52): warning C4316: 'Mesh': object allocated on the heap may not be aligned 16
C:\Users\Filip\Documents\GitHub\FishEngine\FishEngine\Engine.cpp(245,66): warning C4305: 'argument': truncation from 'double' to 'float'
C:\Users\Filip\Documents\GitHub\FishEngine\FishEngine\Engine.cpp(254,57): warning C4316: 'Mesh': object allocated on the heap may not be aligned 16
C:\Users\Filip\Documents\GitHub\FishEngine\FishEngine\Engine.cpp(263,54): warning C4316: 'Mesh': object allocated on the heap may not be aligned 16
C:\Users\Filip\Documents\GitHub\FishEngine\FishEngine\Engine.cpp(270,53): warning C4316: 'Mesh': object allocated on the heap may not be aligned 16
C:\Users\Filip\Documents\GitHub\FishEngine\FishEngine\Engine.cpp(278,54): warning C4316: 'Mesh': object allocated on the heap may not be aligned 16
C:\Users\Filip\Documents\GitHub\FishEngine\FishEngine\Engine.cpp(293,48): warning C4316: 'Light': object allocated on the heap may not be aligned 16
C:\Users\Filip\Documents\GitHub\FishEngine\FishEngine\Engine.cpp(373,21): warning C4018: '<': signed/unsigned mismatch
C:\Users\Filip\Documents\GitHub\FishEngine\FishEngine\Engine.cpp(587,55): warning C4316: 'Mesh': object allocated on the heap may not be aligned 16
C:\Users\Filip\Documents\GitHub\FishEngine\FishEngine\Engine.cpp(603,53): warning C4316: 'Mesh': object allocated on the heap may not be aligned 16
  FishEngine.vcxproj -> C:\Users\Filip\Documents\GitHub\FishEngine\Debug\FishEngine.exe
