C:\Users\Chris\Documents\Visual Studio 2019\Visual Studio Projects\Fish Engine\FishEngine\FishEngine\FirstPassPixel.hlsl(41,14-42): warning X3576: semantics in type overridden by variable/function or enclosing type
  
  compilation object save succeeded; see C:\Users\Chris\Documents\Visual Studio 2019\Visual Studio Projects\Fish Engine\FishEngine\x64\Release\FirstPassPixel.cso
  compilation object save succeeded; see C:\Users\Chris\Documents\Visual Studio 2019\Visual Studio Projects\Fish Engine\FishEngine\x64\Release\FirstPassVertex.cso
C:\Users\Chris\Documents\Visual Studio 2019\Visual Studio Projects\Fish Engine\FishEngine\FishEngine\SecondPassPixel.hlsl(47,9-56): warning X3206: implicit truncation of vector type
C:\Users\Chris\Documents\Visual Studio 2019\Visual Studio Projects\Fish Engine\FishEngine\FishEngine\SecondPassPixel.hlsl(48,32-59): warning X3206: 'dot': implicit truncation of vector type
  
  compilation object save succeeded; see C:\Users\Chris\Documents\Visual Studio 2019\Visual Studio Projects\Fish Engine\FishEngine\x64\Release\SecondPassPixel.cso
  compilation object save succeeded; see C:\Users\Chris\Documents\Visual Studio 2019\Visual Studio Projects\Fish Engine\FishEngine\x64\Release\SecondPassVertex.cso
  BaseShader.cpp
  Camera.cpp
  DeferredRenderBuffer.cpp
C:\Users\Chris\Documents\Visual Studio 2019\Visual Studio Projects\Fish Engine\FishEngine\FishEngine\ObjParser.h(17,13): warning C4099: 'Vertex': type name first seen using 'struct' now seen using 'class'
C:\Users\Chris\Documents\Visual Studio 2019\Visual Studio Projects\Fish Engine\FishEngine\FishEngine\Vertex.h(2): message : see declaration of 'Vertex'
  DxHandler.cpp
C:\Users\Chris\Documents\Visual Studio 2019\Visual Studio Projects\Fish Engine\FishEngine\FishEngine\ObjParser.h(17,13): warning C4099: 'Vertex': type name first seen using 'struct' now seen using 'class'
C:\Users\Chris\Documents\Visual Studio 2019\Visual Studio Projects\Fish Engine\FishEngine\FishEngine\Vertex.h(2): message : see declaration of 'Vertex'
C:\Users\Chris\Documents\Visual Studio 2019\Visual Studio Projects\Fish Engine\FishEngine\FishEngine\DxHandler.cpp(98,20): warning C4244: '=': conversion from 'float' to 'UINT', possible loss of data
C:\Users\Chris\Documents\Visual Studio 2019\Visual Studio Projects\Fish Engine\FishEngine\FishEngine\DxHandler.cpp(99,21): warning C4244: '=': conversion from 'float' to 'UINT', possible loss of data
C:\Users\Chris\Documents\Visual Studio 2019\Visual Studio Projects\Fish Engine\FishEngine\FishEngine\DxHandler.cpp(133,64): warning C4267: 'argument': conversion from 'size_t' to 'UINT', possible loss of data
C:\Users\Chris\Documents\Visual Studio 2019\Visual Studio Projects\Fish Engine\FishEngine\FishEngine\DxHandler.cpp(212,58): warning C4267: 'argument': conversion from 'size_t' to 'UINT', possible loss of data
  Engine.cpp
C:\Users\Chris\Documents\Visual Studio 2019\Visual Studio Projects\Fish Engine\FishEngine\FishEngine\ObjParser.h(17,13): warning C4099: 'Vertex': type name first seen using 'struct' now seen using 'class'
C:\Users\Chris\Documents\Visual Studio 2019\Visual Studio Projects\Fish Engine\FishEngine\FishEngine\Vertex.h(2): message : see declaration of 'Vertex'
  FishMain.cpp
C:\Users\Chris\Documents\Visual Studio 2019\Visual Studio Projects\Fish Engine\FishEngine\FishEngine\ObjParser.h(17,13): warning C4099: 'Vertex': type name first seen using 'struct' now seen using 'class'
C:\Users\Chris\Documents\Visual Studio 2019\Visual Studio Projects\Fish Engine\FishEngine\FishEngine\Vertex.h(2): message : see declaration of 'Vertex'
  GBufferHandler.cpp
C:\Users\Chris\Documents\Visual Studio 2019\Visual Studio Projects\Fish Engine\FishEngine\FishEngine\ObjParser.h(17,13): warning C4099: 'Vertex': type name first seen using 'struct' now seen using 'class'
C:\Users\Chris\Documents\Visual Studio 2019\Visual Studio Projects\Fish Engine\FishEngine\FishEngine\Vertex.h(2): message : see declaration of 'Vertex'
  InputHandler.cpp
C:\Users\Chris\Documents\Visual Studio 2019\Visual Studio Projects\Fish Engine\FishEngine\FishEngine\ObjParser.h(17,13): warning C4099: 'Vertex': type name first seen using 'struct' now seen using 'class'
C:\Users\Chris\Documents\Visual Studio 2019\Visual Studio Projects\Fish Engine\FishEngine\FishEngine\Vertex.h(2): message : see declaration of 'Vertex'
C:\Users\Chris\Documents\Visual Studio 2019\Visual Studio Projects\Fish Engine\FishEngine\FishEngine\InputHandler.cpp(92,78): warning C4305: 'argument': truncation from 'double' to 'float'
C:\Users\Chris\Documents\Visual Studio 2019\Visual Studio Projects\Fish Engine\FishEngine\FishEngine\InputHandler.cpp(93,74): warning C4305: 'argument': truncation from 'double' to 'float'
C:\Users\Chris\Documents\Visual Studio 2019\Visual Studio Projects\Fish Engine\FishEngine\FishEngine\InputHandler.cpp(99,78): warning C4305: 'argument': truncation from 'double' to 'float'
C:\Users\Chris\Documents\Visual Studio 2019\Visual Studio Projects\Fish Engine\FishEngine\FishEngine\InputHandler.cpp(100,74): warning C4305: 'argument': truncation from 'double' to 'float'
  Mesh.cpp
C:\Users\Chris\Documents\Visual Studio 2019\Visual Studio Projects\Fish Engine\FishEngine\FishEngine\ObjParser.h(17,13): warning C4099: 'Vertex': type name first seen using 'struct' now seen using 'class'
C:\Users\Chris\Documents\Visual Studio 2019\Visual Studio Projects\Fish Engine\FishEngine\FishEngine\Vertex.h(2): message : see declaration of 'Vertex'
C:\Users\Chris\Documents\Visual Studio 2019\Visual Studio Projects\Fish Engine\FishEngine\FishEngine\Mesh.cpp(61,82): warning C4267: '=': conversion from 'size_t' to 'UINT', possible loss of data
C:\Users\Chris\Documents\Visual Studio 2019\Visual Studio Projects\Fish Engine\FishEngine\FishEngine\Mesh.cpp(65,78): warning C4267: '=': conversion from 'size_t' to 'UINT', possible loss of data
  ObjParser.cpp
C:\Users\Chris\Documents\Visual Studio 2019\Visual Studio Projects\Fish Engine\FishEngine\FishEngine\ObjParser.h(17,13): warning C4099: 'Vertex': type name first seen using 'struct' now seen using 'class'
C:\Users\Chris\Documents\Visual Studio 2019\Visual Studio Projects\Fish Engine\FishEngine\FishEngine\Vertex.h(2): message : see declaration of 'Vertex'
C:\Users\Chris\Documents\Visual Studio 2019\Visual Studio Projects\Fish Engine\FishEngine\FishEngine\ObjParser.cpp(44,34): warning C4267: 'initializing': conversion from 'size_t' to 'int', possible loss of data
C:\Users\Chris\Documents\Visual Studio 2019\Visual Studio Projects\Fish Engine\FishEngine\FishEngine\ObjParser.cpp(49,30): warning C4267: '=': conversion from 'size_t' to 'int', possible loss of data
C:\Users\Chris\Documents\Visual Studio 2019\Visual Studio Projects\Fish Engine\FishEngine\FishEngine\ObjParser.cpp(54,30): warning C4267: '=': conversion from 'size_t' to 'int', possible loss of data
C:\Users\Chris\Documents\Visual Studio 2019\Visual Studio Projects\Fish Engine\FishEngine\FishEngine\ObjParser.cpp(67,34): warning C4267: 'initializing': conversion from 'size_t' to 'int', possible loss of data
C:\Users\Chris\Documents\Visual Studio 2019\Visual Studio Projects\Fish Engine\FishEngine\FishEngine\ObjParser.cpp(72,30): warning C4267: '=': conversion from 'size_t' to 'int', possible loss of data
C:\Users\Chris\Documents\Visual Studio 2019\Visual Studio Projects\Fish Engine\FishEngine\FishEngine\ObjParser.cpp(77,30): warning C4267: '=': conversion from 'size_t' to 'int', possible loss of data
C:\Users\Chris\Documents\Visual Studio 2019\Visual Studio Projects\Fish Engine\FishEngine\FishEngine\ObjParser.cpp(100,42): warning C4267: 'initializing': conversion from 'size_t' to 'int', possible loss of data
C:\Users\Chris\Documents\Visual Studio 2019\Visual Studio Projects\Fish Engine\FishEngine\FishEngine\ObjParser.cpp(104,38): warning C4267: '=': conversion from 'size_t' to 'int', possible loss of data
C:\Users\Chris\Documents\Visual Studio 2019\Visual Studio Projects\Fish Engine\FishEngine\FishEngine\ObjParser.cpp(108,38): warning C4267: '=': conversion from 'size_t' to 'int', possible loss of data
C:\Users\Chris\Documents\Visual Studio 2019\Visual Studio Projects\Fish Engine\FishEngine\FishEngine\ObjParser.cpp(118,42): warning C4267: 'initializing': conversion from 'size_t' to 'int', possible loss of data
C:\Users\Chris\Documents\Visual Studio 2019\Visual Studio Projects\Fish Engine\FishEngine\FishEngine\ObjParser.cpp(122,38): warning C4267: '=': conversion from 'size_t' to 'int', possible loss of data
C:\Users\Chris\Documents\Visual Studio 2019\Visual Studio Projects\Fish Engine\FishEngine\FishEngine\ObjParser.cpp(126,38): warning C4267: '=': conversion from 'size_t' to 'int', possible loss of data
C:\Users\Chris\Documents\Visual Studio 2019\Visual Studio Projects\Fish Engine\FishEngine\FishEngine\ObjParser.cpp(136,42): warning C4267: 'initializing': conversion from 'size_t' to 'int', possible loss of data
C:\Users\Chris\Documents\Visual Studio 2019\Visual Studio Projects\Fish Engine\FishEngine\FishEngine\ObjParser.cpp(140,38): warning C4267: '=': conversion from 'size_t' to 'int', possible loss of data
C:\Users\Chris\Documents\Visual Studio 2019\Visual Studio Projects\Fish Engine\FishEngine\FishEngine\ObjParser.cpp(144,38): warning C4267: '=': conversion from 'size_t' to 'int', possible loss of data
C:\Users\Chris\Documents\Visual Studio 2019\Visual Studio Projects\Fish Engine\FishEngine\FishEngine\ObjParser.cpp(173,34): warning C4267: 'initializing': conversion from 'size_t' to 'int', possible loss of data
C:\Users\Chris\Documents\Visual Studio 2019\Visual Studio Projects\Fish Engine\FishEngine\FishEngine\ObjParser.cpp(178,30): warning C4267: '=': conversion from 'size_t' to 'int', possible loss of data
C:\Users\Chris\Documents\Visual Studio 2019\Visual Studio Projects\Fish Engine\FishEngine\FishEngine\ObjParser.cpp(199,36): warning C4267: 'initializing': conversion from 'size_t' to 'int', possible loss of data
C:\Users\Chris\Documents\Visual Studio 2019\Visual Studio Projects\Fish Engine\FishEngine\FishEngine\ObjParser.cpp(202,33): warning C4267: '=': conversion from 'size_t' to 'int', possible loss of data
  PixelShader.cpp
  RenderWindow.cpp
C:\Users\Chris\Documents\Visual Studio 2019\Visual Studio Projects\Fish Engine\FishEngine\FishEngine\ObjParser.h(17,13): warning C4099: 'Vertex': type name first seen using 'struct' now seen using 'class'
C:\Users\Chris\Documents\Visual Studio 2019\Visual Studio Projects\Fish Engine\FishEngine\FishEngine\Vertex.h(2): message : see declaration of 'Vertex'
C:\Users\Chris\Documents\Visual Studio 2019\Visual Studio Projects\Fish Engine\FishEngine\FishEngine\RenderWindow.cpp(6,1): warning C4005: 'D3D_COMPILE_STANDARD_FILE_INCLUDE': macro redefinition
C:\Program Files (x86)\Windows Kits\10\Include\10.0.18362.0\um\d3dcompiler.h(211): message : see previous definition of 'D3D_COMPILE_STANDARD_FILE_INCLUDE'
  VertexShader.cpp
BulletDynamics_DEBUG.lib(btDiscreteDynamicsWorld.obj) : error LNK2038: mismatch detected for '_ITERATOR_DEBUG_LEVEL': value '2' doesn't match value '0' in BaseShader.obj
BulletDynamics_DEBUG.lib(btDiscreteDynamicsWorld.obj) : error LNK2038: mismatch detected for 'RuntimeLibrary': value 'MTd_StaticDebug' doesn't match value 'MD_DynamicRelease' in BaseShader.obj
BulletDynamics_DEBUG.lib(btSequentialImpulseConstraintSolver.obj) : error LNK2038: mismatch detected for '_ITERATOR_DEBUG_LEVEL': value '2' doesn't match value '0' in BaseShader.obj
BulletDynamics_DEBUG.lib(btSequentialImpulseConstraintSolver.obj) : error LNK2038: mismatch detected for 'RuntimeLibrary': value 'MTd_StaticDebug' doesn't match value 'MD_DynamicRelease' in BaseShader.obj
BulletDynamics_DEBUG.lib(btRigidBody.obj) : error LNK2038: mismatch detected for '_ITERATOR_DEBUG_LEVEL': value '2' doesn't match value '0' in BaseShader.obj
BulletDynamics_DEBUG.lib(btRigidBody.obj) : error LNK2038: mismatch detected for 'RuntimeLibrary': value 'MTd_StaticDebug' doesn't match value 'MD_DynamicRelease' in BaseShader.obj
BulletDynamics_DEBUG.lib(btTypedConstraint.obj) : error LNK2038: mismatch detected for '_ITERATOR_DEBUG_LEVEL': value '2' doesn't match value '0' in BaseShader.obj
BulletDynamics_DEBUG.lib(btTypedConstraint.obj) : error LNK2038: mismatch detected for 'RuntimeLibrary': value 'MTd_StaticDebug' doesn't match value 'MD_DynamicRelease' in BaseShader.obj
BulletDynamics_DEBUG.lib(btConeTwistConstraint.obj) : error LNK2038: mismatch detected for '_ITERATOR_DEBUG_LEVEL': value '2' doesn't match value '0' in BaseShader.obj
BulletDynamics_DEBUG.lib(btConeTwistConstraint.obj) : error LNK2038: mismatch detected for 'RuntimeLibrary': value 'MTd_StaticDebug' doesn't match value 'MD_DynamicRelease' in BaseShader.obj
BulletDynamics_DEBUG.lib(btGeneric6DofConstraint.obj) : error LNK2038: mismatch detected for '_ITERATOR_DEBUG_LEVEL': value '2' doesn't match value '0' in BaseShader.obj
BulletDynamics_DEBUG.lib(btGeneric6DofConstraint.obj) : error LNK2038: mismatch detected for 'RuntimeLibrary': value 'MTd_StaticDebug' doesn't match value 'MD_DynamicRelease' in BaseShader.obj
BulletCollision_DEBUG.lib(btDefaultCollisionConfiguration.obj) : error LNK2038: mismatch detected for '_ITERATOR_DEBUG_LEVEL': value '2' doesn't match value '0' in BaseShader.obj
BulletCollision_DEBUG.lib(btDefaultCollisionConfiguration.obj) : error LNK2038: mismatch detected for 'RuntimeLibrary': value 'MTd_StaticDebug' doesn't match value 'MD_DynamicRelease' in BaseShader.obj
BulletCollision_DEBUG.lib(btDbvtBroadphase.obj) : error LNK2038: mismatch detected for '_ITERATOR_DEBUG_LEVEL': value '2' doesn't match value '0' in BaseShader.obj
BulletCollision_DEBUG.lib(btDbvtBroadphase.obj) : error LNK2038: mismatch detected for 'RuntimeLibrary': value 'MTd_StaticDebug' doesn't match value 'MD_DynamicRelease' in BaseShader.obj
BulletCollision_DEBUG.lib(btCollisionDispatcher.obj) : error LNK2038: mismatch detected for '_ITERATOR_DEBUG_LEVEL': value '2' doesn't match value '0' in BaseShader.obj
BulletCollision_DEBUG.lib(btCollisionDispatcher.obj) : error LNK2038: mismatch detected for 'RuntimeLibrary': value 'MTd_StaticDebug' doesn't match value 'MD_DynamicRelease' in BaseShader.obj
BulletCollision_DEBUG.lib(btCollisionObject.obj) : error LNK2038: mismatch detected for '_ITERATOR_DEBUG_LEVEL': value '2' doesn't match value '0' in BaseShader.obj
BulletCollision_DEBUG.lib(btCollisionObject.obj) : error LNK2038: mismatch detected for 'RuntimeLibrary': value 'MTd_StaticDebug' doesn't match value 'MD_DynamicRelease' in BaseShader.obj
BulletCollision_DEBUG.lib(btPersistentManifold.obj) : error LNK2038: mismatch detected for '_ITERATOR_DEBUG_LEVEL': value '2' doesn't match value '0' in BaseShader.obj
BulletCollision_DEBUG.lib(btPersistentManifold.obj) : error LNK2038: mismatch detected for 'RuntimeLibrary': value 'MTd_StaticDebug' doesn't match value 'MD_DynamicRelease' in BaseShader.obj
BulletCollision_DEBUG.lib(btCollisionWorld.obj) : error LNK2038: mismatch detected for '_ITERATOR_DEBUG_LEVEL': value '2' doesn't match value '0' in BaseShader.obj
BulletCollision_DEBUG.lib(btCollisionWorld.obj) : error LNK2038: mismatch detected for 'RuntimeLibrary': value 'MTd_StaticDebug' doesn't match value 'MD_DynamicRelease' in BaseShader.obj
BulletCollision_DEBUG.lib(btCollisionShape.obj) : error LNK2038: mismatch detected for '_ITERATOR_DEBUG_LEVEL': value '2' doesn't match value '0' in BaseShader.obj
BulletCollision_DEBUG.lib(btCollisionShape.obj) : error LNK2038: mismatch detected for 'RuntimeLibrary': value 'MTd_StaticDebug' doesn't match value 'MD_DynamicRelease' in BaseShader.obj
BulletCollision_DEBUG.lib(btSimulationIslandManager.obj) : error LNK2038: mismatch detected for '_ITERATOR_DEBUG_LEVEL': value '2' doesn't match value '0' in BaseShader.obj
BulletCollision_DEBUG.lib(btSimulationIslandManager.obj) : error LNK2038: mismatch detected for 'RuntimeLibrary': value 'MTd_StaticDebug' doesn't match value 'MD_DynamicRelease' in BaseShader.obj
BulletCollision_DEBUG.lib(btConvexShape.obj) : error LNK2038: mismatch detected for '_ITERATOR_DEBUG_LEVEL': value '2' doesn't match value '0' in BaseShader.obj
BulletCollision_DEBUG.lib(btConvexShape.obj) : error LNK2038: mismatch detected for 'RuntimeLibrary': value 'MTd_StaticDebug' doesn't match value 'MD_DynamicRelease' in BaseShader.obj
BulletCollision_DEBUG.lib(btManifoldResult.obj) : error LNK2038: mismatch detected for '_ITERATOR_DEBUG_LEVEL': value '2' doesn't match value '0' in BaseShader.obj
BulletCollision_DEBUG.lib(btManifoldResult.obj) : error LNK2038: mismatch detected for 'RuntimeLibrary': value 'MTd_StaticDebug' doesn't match value 'MD_DynamicRelease' in BaseShader.obj
BulletCollision_DEBUG.lib(btConvexConvexAlgorithm.obj) : error LNK2038: mismatch detected for '_ITERATOR_DEBUG_LEVEL': value '2' doesn't match value '0' in BaseShader.obj
BulletCollision_DEBUG.lib(btConvexConvexAlgorithm.obj) : error LNK2038: mismatch detected for 'RuntimeLibrary': value 'MTd_StaticDebug' doesn't match value 'MD_DynamicRelease' in BaseShader.obj
BulletCollision_DEBUG.lib(btEmptyCollisionAlgorithm.obj) : error LNK2038: mismatch detected for '_ITERATOR_DEBUG_LEVEL': value '2' doesn't match value '0' in BaseShader.obj
BulletCollision_DEBUG.lib(btEmptyCollisionAlgorithm.obj) : error LNK2038: mismatch detected for 'RuntimeLibrary': value 'MTd_StaticDebug' doesn't match value 'MD_DynamicRelease' in BaseShader.obj
BulletCollision_DEBUG.lib(btConvexConcaveCollisionAlgorithm.obj) : error LNK2038: mismatch detected for '_ITERATOR_DEBUG_LEVEL': value '2' doesn't match value '0' in BaseShader.obj
BulletCollision_DEBUG.lib(btConvexConcaveCollisionAlgorithm.obj) : error LNK2038: mismatch detected for 'RuntimeLibrary': value 'MTd_StaticDebug' doesn't match value 'MD_DynamicRelease' in BaseShader.obj
BulletCollision_DEBUG.lib(btCompoundCollisionAlgorithm.obj) : error LNK2038: mismatch detected for '_ITERATOR_DEBUG_LEVEL': value '2' doesn't match value '0' in BaseShader.obj
BulletCollision_DEBUG.lib(btCompoundCollisionAlgorithm.obj) : error LNK2038: mismatch detected for 'RuntimeLibrary': value 'MTd_StaticDebug' doesn't match value 'MD_DynamicRelease' in BaseShader.obj
BulletCollision_DEBUG.lib(btCompoundCompoundCollisionAlgorithm.obj) : error LNK2038: mismatch detected for '_ITERATOR_DEBUG_LEVEL': value '2' doesn't match value '0' in BaseShader.obj
BulletCollision_DEBUG.lib(btCompoundCompoundCollisionAlgorithm.obj) : error LNK2038: mismatch detected for 'RuntimeLibrary': value 'MTd_StaticDebug' doesn't match value 'MD_DynamicRelease' in BaseShader.obj
BulletCollision_DEBUG.lib(btConvexPlaneCollisionAlgorithm.obj) : error LNK2038: mismatch detected for '_ITERATOR_DEBUG_LEVEL': value '2' doesn't match value '0' in BaseShader.obj
BulletCollision_DEBUG.lib(btConvexPlaneCollisionAlgorithm.obj) : error LNK2038: mismatch detected for 'RuntimeLibrary': value 'MTd_StaticDebug' doesn't match value 'MD_DynamicRelease' in BaseShader.obj
BulletCollision_DEBUG.lib(btBoxBoxCollisionAlgorithm.obj) : error LNK2038: mismatch detected for '_ITERATOR_DEBUG_LEVEL': value '2' doesn't match value '0' in BaseShader.obj
BulletCollision_DEBUG.lib(btBoxBoxCollisionAlgorithm.obj) : error LNK2038: mismatch detected for 'RuntimeLibrary': value 'MTd_StaticDebug' doesn't match value 'MD_DynamicRelease' in BaseShader.obj
BulletCollision_DEBUG.lib(btSphereSphereCollisionAlgorithm.obj) : error LNK2038: mismatch detected for '_ITERATOR_DEBUG_LEVEL': value '2' doesn't match value '0' in BaseShader.obj
BulletCollision_DEBUG.lib(btSphereSphereCollisionAlgorithm.obj) : error LNK2038: mismatch detected for 'RuntimeLibrary': value 'MTd_StaticDebug' doesn't match value 'MD_DynamicRelease' in BaseShader.obj
BulletCollision_DEBUG.lib(btSphereTriangleCollisionAlgorithm.obj) : error LNK2038: mismatch detected for '_ITERATOR_DEBUG_LEVEL': value '2' doesn't match value '0' in BaseShader.obj
BulletCollision_DEBUG.lib(btSphereTriangleCollisionAlgorithm.obj) : error LNK2038: mismatch detected for 'RuntimeLibrary': value 'MTd_StaticDebug' doesn't match value 'MD_DynamicRelease' in BaseShader.obj
BulletCollision_DEBUG.lib(btDbvt.obj) : error LNK2038: mismatch detected for '_ITERATOR_DEBUG_LEVEL': value '2' doesn't match value '0' in BaseShader.obj
BulletCollision_DEBUG.lib(btDbvt.obj) : error LNK2038: mismatch detected for 'RuntimeLibrary': value 'MTd_StaticDebug' doesn't match value 'MD_DynamicRelease' in BaseShader.obj
BulletCollision_DEBUG.lib(btOverlappingPairCache.obj) : error LNK2038: mismatch detected for '_ITERATOR_DEBUG_LEVEL': value '2' doesn't match value '0' in BaseShader.obj
BulletCollision_DEBUG.lib(btOverlappingPairCache.obj) : error LNK2038: mismatch detected for 'RuntimeLibrary': value 'MTd_StaticDebug' doesn't match value 'MD_DynamicRelease' in BaseShader.obj
BulletCollision_DEBUG.lib(btBvhTriangleMeshShape.obj) : error LNK2038: mismatch detected for '_ITERATOR_DEBUG_LEVEL': value '2' doesn't match value '0' in BaseShader.obj
BulletCollision_DEBUG.lib(btBvhTriangleMeshShape.obj) : error LNK2038: mismatch detected for 'RuntimeLibrary': value 'MTd_StaticDebug' doesn't match value 'MD_DynamicRelease' in BaseShader.obj
BulletCollision_DEBUG.lib(btHeightfieldTerrainShape.obj) : error LNK2038: mismatch detected for '_ITERATOR_DEBUG_LEVEL': value '2' doesn't match value '0' in BaseShader.obj
BulletCollision_DEBUG.lib(btHeightfieldTerrainShape.obj) : error LNK2038: mismatch detected for 'RuntimeLibrary': value 'MTd_StaticDebug' doesn't match value 'MD_DynamicRelease' in BaseShader.obj
BulletCollision_DEBUG.lib(btUnionFind.obj) : error LNK2038: mismatch detected for '_ITERATOR_DEBUG_LEVEL': value '2' doesn't match value '0' in BaseShader.obj
BulletCollision_DEBUG.lib(btUnionFind.obj) : error LNK2038: mismatch detected for 'RuntimeLibrary': value 'MTd_StaticDebug' doesn't match value 'MD_DynamicRelease' in BaseShader.obj
BulletCollision_DEBUG.lib(btActivatingCollisionAlgorithm.obj) : error LNK2038: mismatch detected for '_ITERATOR_DEBUG_LEVEL': value '2' doesn't match value '0' in BaseShader.obj
BulletCollision_DEBUG.lib(btActivatingCollisionAlgorithm.obj) : error LNK2038: mismatch detected for 'RuntimeLibrary': value 'MTd_StaticDebug' doesn't match value 'MD_DynamicRelease' in BaseShader.obj
BulletCollision_DEBUG.lib(btPolyhedralContactClipping.obj) : error LNK2038: mismatch detected for '_ITERATOR_DEBUG_LEVEL': value '2' doesn't match value '0' in BaseShader.obj
BulletCollision_DEBUG.lib(btPolyhedralContactClipping.obj) : error LNK2038: mismatch detected for 'RuntimeLibrary': value 'MTd_StaticDebug' doesn't match value 'MD_DynamicRelease' in BaseShader.obj
BulletCollision_DEBUG.lib(btConvexPolyhedron.obj) : error LNK2038: mismatch detected for '_ITERATOR_DEBUG_LEVEL': value '2' doesn't match value '0' in BaseShader.obj
BulletCollision_DEBUG.lib(btConvexPolyhedron.obj) : error LNK2038: mismatch detected for 'RuntimeLibrary': value 'MTd_StaticDebug' doesn't match value 'MD_DynamicRelease' in BaseShader.obj
BulletCollision_DEBUG.lib(btCollisionAlgorithm.obj) : error LNK2038: mismatch detected for '_ITERATOR_DEBUG_LEVEL': value '2' doesn't match value '0' in BaseShader.obj
BulletCollision_DEBUG.lib(btCollisionAlgorithm.obj) : error LNK2038: mismatch detected for 'RuntimeLibrary': value 'MTd_StaticDebug' doesn't match value 'MD_DynamicRelease' in BaseShader.obj
BulletCollision_DEBUG.lib(btPolyhedralConvexShape.obj) : error LNK2038: mismatch detected for '_ITERATOR_DEBUG_LEVEL': value '2' doesn't match value '0' in BaseShader.obj
BulletCollision_DEBUG.lib(btPolyhedralConvexShape.obj) : error LNK2038: mismatch detected for 'RuntimeLibrary': value 'MTd_StaticDebug' doesn't match value 'MD_DynamicRelease' in BaseShader.obj
BulletCollision_DEBUG.lib(btSdfCollisionShape.obj) : error LNK2038: mismatch detected for '_ITERATOR_DEBUG_LEVEL': value '2' doesn't match value '0' in BaseShader.obj
BulletCollision_DEBUG.lib(btSdfCollisionShape.obj) : error LNK2038: mismatch detected for 'RuntimeLibrary': value 'MTd_StaticDebug' doesn't match value 'MD_DynamicRelease' in BaseShader.obj
BulletCollision_DEBUG.lib(btHashedSimplePairCache.obj) : error LNK2038: mismatch detected for '_ITERATOR_DEBUG_LEVEL': value '2' doesn't match value '0' in BaseShader.obj
BulletCollision_DEBUG.lib(btHashedSimplePairCache.obj) : error LNK2038: mismatch detected for 'RuntimeLibrary': value 'MTd_StaticDebug' doesn't match value 'MD_DynamicRelease' in BaseShader.obj
BulletCollision_DEBUG.lib(btQuantizedBvh.obj) : error LNK2038: mismatch detected for '_ITERATOR_DEBUG_LEVEL': value '2' doesn't match value '0' in BaseShader.obj
BulletCollision_DEBUG.lib(btQuantizedBvh.obj) : error LNK2038: mismatch detected for 'RuntimeLibrary': value 'MTd_StaticDebug' doesn't match value 'MD_DynamicRelease' in BaseShader.obj
BulletCollision_DEBUG.lib(btOptimizedBvh.obj) : error LNK2038: mismatch detected for '_ITERATOR_DEBUG_LEVEL': value '2' doesn't match value '0' in BaseShader.obj
BulletCollision_DEBUG.lib(btOptimizedBvh.obj) : error LNK2038: mismatch detected for 'RuntimeLibrary': value 'MTd_StaticDebug' doesn't match value 'MD_DynamicRelease' in BaseShader.obj
BulletCollision_DEBUG.lib(btMiniSDF.obj) : error LNK2038: mismatch detected for '_ITERATOR_DEBUG_LEVEL': value '2' doesn't match value '0' in BaseShader.obj
BulletCollision_DEBUG.lib(btMiniSDF.obj) : error LNK2038: mismatch detected for 'RuntimeLibrary': value 'MTd_StaticDebug' doesn't match value 'MD_DynamicRelease' in BaseShader.obj
LinearMath_DEBUG.lib(btConvexHullComputer.obj) : error LNK2038: mismatch detected for '_ITERATOR_DEBUG_LEVEL': value '2' doesn't match value '0' in BaseShader.obj
LinearMath_DEBUG.lib(btConvexHullComputer.obj) : error LNK2038: mismatch detected for 'RuntimeLibrary': value 'MTd_StaticDebug' doesn't match value 'MD_DynamicRelease' in BaseShader.obj
LinearMath_DEBUG.lib(btGeometryUtil.obj) : error LNK2038: mismatch detected for '_ITERATOR_DEBUG_LEVEL': value '2' doesn't match value '0' in BaseShader.obj
LinearMath_DEBUG.lib(btGeometryUtil.obj) : error LNK2038: mismatch detected for 'RuntimeLibrary': value 'MTd_StaticDebug' doesn't match value 'MD_DynamicRelease' in BaseShader.obj
LINK : warning LNK4098: defaultlib 'LIBCMTD' conflicts with use of other libs; use /NODEFAULTLIB:library
C:\Users\Chris\Documents\Visual Studio 2019\Visual Studio Projects\Fish Engine\FishEngine\x64\Release\FishEngine.exe : fatal error LNK1319: 84 mismatches detected
